<?xml version="1.0" encoding="UTF-8"?>
<!-- Generated by org.testng.reporters.JUnitReportReporter -->
<testsuite hostname="DESKTOP-SMJLONE" failures="0" tests="13" name="TestCase.errorPage" time="6.324" errors="0" timestamp="24 Mar 2021 06:38:26 GMT">
  <testcase classname="TestCase.errorPage" name="secondErrorMessage" time="0.205"/>
  <testcase classname="TestCase.errorPage" name="clickOnProviders" time="0.180"/>
  <testcase classname="TestCase.errorPage" name="thirdErrorMessage" time="0.241"/>
  <testcase classname="TestCase.errorPage" name="fourthErrorMessage" time="0.277"/>
  <testcase classname="TestCase.errorPage" name="childWindowSwitch" time="0.020"/>
  <testcase classname="TestCase.errorPage" name="screenshot" time="0.855"/>
  <testcase classname="TestCase.errorPage" name="clickOnCorporate" time="0.250"/>
  <testcase classname="TestCase.errorPage" name="firstErrorMessage" time="3.808"/>
  <testcase classname="TestCase.errorPage" name="testcaseWriteError" time="0.212"/>
  <testcase classname="TestCase.errorPage" name="createObject" time="0.094"/>
  <testcase classname="TestCase.errorPage" name="getParentWindow" time="0.003"/>
  <testcase classname="TestCase.errorPage" name="fifthErrorMessage" time="0.167"/>
  <testcase classname="TestCase.errorPage" name="testcaseWriteJson" time="0.012"/>
</testsuite> <!-- TestCase.errorPage -->
