<?xml version="1.0" encoding="UTF-8"?>
<!-- Generated by org.testng.reporters.JUnitReportReporter -->
<testsuite skipped="0" hostname="DESKTOP-AE2E2O2" name="TestCase.smokeTest" tests="16" failures="0" timestamp="2020-06-24T12:24:11 IST" time="23.241" errors="0">
  <testcase name="createObject" time="0.090" classname="TestCase.smokeTest"/>
  <system-out/>
  <testcase name="createProperties" time="0.005" classname="TestCase.smokeTest"/>
  <system-out/>
  <testcase name="checkPageOne" time="0.100" classname="TestCase.smokeTest"/>
  <system-out/>
  <testcase name="clickOnLocation" time="4.381" classname="TestCase.smokeTest"/>
  <system-out/>
  <testcase name="selectLocation" time="0.295" classname="TestCase.smokeTest"/>
  <system-out/>
  <testcase name="clickOnHospitalTextBox" time="2.218" classname="TestCase.smokeTest"/>
  <system-out/>
  <testcase name="selectHospital" time="4.149" classname="TestCase.smokeTest"/>
  <system-out/>
  <testcase name="checkPageTwo" time="0.028" classname="TestCase.smokeTest"/>
  <system-out/>
  <testcase name="clickOnDiagnostics" time="6.823" classname="TestCase.smokeTest"/>
  <system-out/>
  <testcase name="checkPageThree" time="0.011" classname="TestCase.smokeTest"/>
  <system-out/>
  <testcase name="gotoHomePage" time="1.132" classname="TestCase.smokeTest"/>
  <system-out/>
  <testcase name="getParentWindow" time="0.007" classname="TestCase.smokeTest"/>
  <system-out/>
  <testcase name="clickOnProviders" time="0.158" classname="TestCase.smokeTest"/>
  <system-out/>
  <testcase name="clickOnCorporate" time="0.328" classname="TestCase.smokeTest"/>
  <system-out/>
  <testcase name="childWindowSwitch" time="0.085" classname="TestCase.smokeTest"/>
  <system-out/>
  <testcase name="checkPageFour" time="3.431" classname="TestCase.smokeTest"/>
  <system-out/>
</testsuite> <!-- TestCase.smokeTest -->
