<?xml version="1.0" encoding="UTF-8"?>
<!-- Generated by org.testng.reporters.JUnitReportReporter -->
<testsuite hostname="DESKTOP-AE2E2O2" name="TestCase.errorPage" tests="13" failures="0" timestamp="24 Jun 2020 07:22:36 GMT" time="5.354" errors="0">
  <testcase name="childWindowSwitch" time="0.119" classname="TestCase.errorPage"/>
  <testcase name="secondErrorMessage" time="0.310" classname="TestCase.errorPage"/>
  <testcase name="clickOnCorporate" time="0.341" classname="TestCase.errorPage"/>
  <testcase name="screenshot" time="1.003" classname="TestCase.errorPage"/>
  <testcase name="clickOnProviders" time="0.364" classname="TestCase.errorPage"/>
  <testcase name="getParentWindow" time="0.003" classname="TestCase.errorPage"/>
  <testcase name="firstErrorMessage" time="2.222" classname="TestCase.errorPage"/>
  <testcase name="testcaseWriteJson" time="0.006" classname="TestCase.errorPage"/>
  <testcase name="testcaseWriteError" time="0.039" classname="TestCase.errorPage"/>
  <testcase name="thirdErrorMessage" time="0.297" classname="TestCase.errorPage"/>
  <testcase name="createObject" time="0.015" classname="TestCase.errorPage"/>
  <testcase name="fifthErrorMessage" time="0.299" classname="TestCase.errorPage"/>
  <testcase name="fourthErrorMessage" time="0.336" classname="TestCase.errorPage"/>
</testsuite> <!-- TestCase.errorPage -->
