<?xml version="1.0" encoding="UTF-8"?>
<!-- Generated by org.testng.reporters.JUnitReportReporter -->
<testsuite hostname="DESKTOP-AE2E2O2" name="TestCase.diagnostics" tests="4" failures="0" timestamp="24 Jun 2020 07:22:36 GMT" time="5.384" errors="0">
  <testcase name="craeteObject" time="0.021" classname="TestCase.diagnostics"/>
  <testcase name="screenshot" time="0.560" classname="TestCase.diagnostics"/>
  <testcase name="clickOnDiagnostics" time="3.791" classname="TestCase.diagnostics"/>
  <testcase name="testcaseWrite" time="1.012" classname="TestCase.diagnostics"/>
</testsuite> <!-- TestCase.diagnostics -->
